{"/home/jackmahoney/projects/rollpass/rollpass-js/src/defaults.ts": {"path":"/home/jackmahoney/projects/rollpass/rollpass-js/src/defaults.ts","statementMap":{"0":{"start":{"line":6,"column":13},"end":{"line":10,"column":2}}},"fnMap":{},"branchMap":{},"s":{"0":1},"f":{},"b":{}}
,"/home/jackmahoney/projects/rollpass/rollpass-js/src/index.ts": {"path":"/home/jackmahoney/projects/rollpass/rollpass-js/src/index.ts","statementMap":{"0":{"start":{"line":5,"column":0},"end":{"line":5,"column":8}},"1":{"start":{"line":8,"column":2},"end":{"line":5,"column":53}},"2":{"start":{"line":6,"column":0},"end":{"line":6,"column":8}},"3":{"start":{"line":9,"column":2},"end":{"line":6,"column":59}}},"fnMap":{},"branchMap":{},"s":{"0":1,"1":1,"2":1,"3":1},"f":{},"b":{}}
,"/home/jackmahoney/projects/rollpass/rollpass-js/src/protected/AgentController.ts": {"path":"/home/jackmahoney/projects/rollpass/rollpass-js/src/protected/AgentController.ts","statementMap":{"0":{"start":{"line":1,"column":0},"end":{"line":1,"column":58}},"1":{"start":{"line":22,"column":4},"end":{"line":22,"column":22}},"2":{"start":{"line":23,"column":4},"end":{"line":23,"column":37}},"3":{"start":{"line":27,"column":4},"end":{"line":27,"column":57}},"4":{"start":{"line":31,"column":4},"end":{"line":31,"column":65}},"5":{"start":{"line":35,"column":4},"end":{"line":35,"column":null}},"6":{"start":{"line":18,"column":0},"end":{"line":18,"column":13}}},"fnMap":{"0":{"name":"(anonymous_0)","decl":{"start":{"line":21,"column":2},"end":{"line":21,"column":14}},"loc":{"start":{"line":21,"column":74},"end":{"line":24,"column":3}}},"1":{"name":"(anonymous_1)","decl":{"start":{"line":26,"column":2},"end":{"line":26,"column":7}},"loc":{"start":{"line":26,"column":54},"end":{"line":28,"column":3}}},"2":{"name":"(anonymous_2)","decl":{"start":{"line":30,"column":2},"end":{"line":30,"column":7}},"loc":{"start":{"line":30,"column":54},"end":{"line":32,"column":3}}},"3":{"name":"(anonymous_3)","decl":{"start":{"line":34,"column":2},"end":{"line":34,"column":7}},"loc":{"start":{"line":34,"column":79},"end":{"line":36,"column":3}}}},"branchMap":{},"s":{"0":0,"1":0,"2":0,"3":0,"4":0,"5":0,"6":0},"f":{"0":0,"1":0,"2":0,"3":0},"b":{}}
,"/home/jackmahoney/projects/rollpass/rollpass-js/src/protected/ApiController.ts": {"path":"/home/jackmahoney/projects/rollpass/rollpass-js/src/protected/ApiController.ts","statementMap":{"0":{"start":{"line":1,"column":0},"end":{"line":1,"column":51}},"1":{"start":{"line":2,"column":0},"end":{"line":2,"column":46}},"2":{"start":{"line":19,"column":4},"end":{"line":19,"column":63}},"3":{"start":{"line":29,"column":4},"end":{"line":34,"column":49}},"4":{"start":{"line":34,"column":19},"end":{"line":34,"column":47}},"5":{"start":{"line":15,"column":0},"end":{"line":15,"column":22}},"6":{"start":{"line":42,"column":2},"end":{"line":46,"column":5}}},"fnMap":{"0":{"name":"(anonymous_1)","decl":{"start":{"line":18,"column":2},"end":{"line":18,"column":24}},"loc":{"start":{"line":18,"column":56},"end":{"line":20,"column":3}}},"1":{"name":"(anonymous_2)","decl":{"start":{"line":22,"column":12},"end":{"line":22,"column":17}},"loc":{"start":{"line":27,"column":31},"end":{"line":35,"column":3}}},"2":{"name":"(anonymous_3)","decl":{"start":{"line":34,"column":12},"end":{"line":34,"column":15}},"loc":{"start":{"line":34,"column":19},"end":{"line":34,"column":47}}},"3":{"name":"getAxios","decl":{"start":{"line":41,"column":9},"end":{"line":41,"column":17}},"loc":{"start":{"line":41,"column":40},"end":{"line":47,"column":1}}}},"branchMap":{"0":{"loc":{"start":{"line":25,"column":18},"end":{"line":25,"column":20}},"type":"default-arg","locations":[{"start":{"line":25,"column":18},"end":{"line":25,"column":20}}]},"1":{"loc":{"start":{"line":26,"column":16},"end":{"line":26,"column":20}},"type":"default-arg","locations":[{"start":{"line":26,"column":16},"end":{"line":26,"column":20}}]},"2":{"loc":{"start":{"line":27,"column":27},"end":{"line":27,"column":31}},"type":"default-arg","locations":[{"start":{"line":27,"column":27},"end":{"line":27,"column":31}}]},"3":{"loc":{"start":{"line":34,"column":33},"end":{"line":34,"column":41}},"type":"cond-expr","locations":[{"start":{"line":34,"column":33},"end":{"line":34,"column":41}},{"start":{"line":34,"column":44},"end":{"line":34,"column":47}}]}},"s":{"0":1,"1":1,"2":1,"3":0,"4":0,"5":1,"6":1},"f":{"0":1,"1":0,"2":0,"3":1},"b":{"0":[0],"1":[0],"2":[0],"3":[0,0]}}
,"/home/jackmahoney/projects/rollpass/rollpass-js/src/public/ClientController.ts": {"path":"/home/jackmahoney/projects/rollpass/rollpass-js/src/public/ClientController.ts","statementMap":{"0":{"start":{"line":1,"column":0},"end":{"line":1,"column":69}},"1":{"start":{"line":16,"column":4},"end":{"line":16,"column":22}},"2":{"start":{"line":17,"column":4},"end":{"line":17,"column":39}},"3":{"start":{"line":21,"column":4},"end":{"line":25,"column":7}},"4":{"start":{"line":29,"column":4},"end":{"line":33,"column":7}},"5":{"start":{"line":37,"column":4},"end":{"line":41,"column":7}},"6":{"start":{"line":45,"column":4},"end":{"line":49,"column":7}},"7":{"start":{"line":53,"column":4},"end":{"line":57,"column":7}},"8":{"start":{"line":12,"column":0},"end":{"line":12,"column":13}}},"fnMap":{"0":{"name":"(anonymous_0)","decl":{"start":{"line":15,"column":2},"end":{"line":15,"column":14}},"loc":{"start":{"line":15,"column":76},"end":{"line":18,"column":3}}},"1":{"name":"(anonymous_1)","decl":{"start":{"line":20,"column":2},"end":{"line":20,"column":7}},"loc":{"start":{"line":20,"column":38},"end":{"line":26,"column":3}}},"2":{"name":"(anonymous_2)","decl":{"start":{"line":28,"column":2},"end":{"line":28,"column":7}},"loc":{"start":{"line":28,"column":41},"end":{"line":34,"column":3}}},"3":{"name":"(anonymous_3)","decl":{"start":{"line":36,"column":2},"end":{"line":36,"column":7}},"loc":{"start":{"line":36,"column":42},"end":{"line":42,"column":3}}},"4":{"name":"(anonymous_4)","decl":{"start":{"line":44,"column":2},"end":{"line":44,"column":7}},"loc":{"start":{"line":44,"column":45},"end":{"line":50,"column":3}}},"5":{"name":"(anonymous_5)","decl":{"start":{"line":52,"column":2},"end":{"line":52,"column":7}},"loc":{"start":{"line":52,"column":35},"end":{"line":58,"column":3}}}},"branchMap":{},"s":{"0":1,"1":1,"2":1,"3":0,"4":0,"5":0,"6":0,"7":0,"8":1},"f":{"0":1,"1":0,"2":0,"3":0,"4":0,"5":0},"b":{}}
,"/home/jackmahoney/projects/rollpass/rollpass-js/src/public/SecretController.ts": {"path":"/home/jackmahoney/projects/rollpass/rollpass-js/src/public/SecretController.ts","statementMap":{"0":{"start":{"line":4,"column":0},"end":{"line":4,"column":13}}},"fnMap":{},"branchMap":{},"s":{"0":0},"f":{},"b":{}}
,"/home/jackmahoney/projects/rollpass/rollpass-js/src/public/WebController.ts": {"path":"/home/jackmahoney/projects/rollpass/rollpass-js/src/public/WebController.ts","statementMap":{"0":{"start":{"line":2,"column":0},"end":{"line":2,"column":67}},"1":{"start":{"line":3,"column":0},"end":{"line":3,"column":25}},"2":{"start":{"line":8,"column":0},"end":{"line":8,"column":null}},"3":{"start":{"line":9,"column":2},"end":{"line":9,"column":null}},"4":{"start":{"line":10,"column":2},"end":{"line":10,"column":null}},"5":{"start":{"line":11,"column":2},"end":{"line":11,"column":null}},"6":{"start":{"line":38,"column":19},"end":{"line":38,"column":58}},"7":{"start":{"line":47,"column":4},"end":{"line":47,"column":27}},"8":{"start":{"line":48,"column":4},"end":{"line":48,"column":null}},"9":{"start":{"line":66,"column":17},"end":{"line":66,"column":45}},"10":{"start":{"line":69,"column":30},"end":{"line":69,"column":51}},"11":{"start":{"line":71,"column":4},"end":{"line":88,"column":null}},"12":{"start":{"line":74,"column":26},"end":{"line":74,"column":75}},"13":{"start":{"line":75,"column":6},"end":{"line":80,"column":null}},"14":{"start":{"line":76,"column":8},"end":{"line":76,"column":60}},"15":{"start":{"line":77,"column":8},"end":{"line":77,"column":49}},"16":{"start":{"line":79,"column":8},"end":{"line":79,"column":51}},"17":{"start":{"line":81,"column":11},"end":{"line":88,"column":null}},"18":{"start":{"line":82,"column":29},"end":{"line":82,"column":86}},"19":{"start":{"line":83,"column":6},"end":{"line":85,"column":46}},"20":{"start":{"line":87,"column":6},"end":{"line":87,"column":49}},"21":{"start":{"line":92,"column":4},"end":{"line":92,"column":59}},"22":{"start":{"line":96,"column":4},"end":{"line":96,"column":77}},"23":{"start":{"line":97,"column":4},"end":{"line":97,"column":45}},"24":{"start":{"line":101,"column":4},"end":{"line":101,"column":61}},"25":{"start":{"line":105,"column":30},"end":{"line":105,"column":67}},"26":{"start":{"line":106,"column":4},"end":{"line":108,"column":null}},"27":{"start":{"line":107,"column":6},"end":{"line":107,"column":107}},"28":{"start":{"line":109,"column":4},"end":{"line":109,"column":60}},"29":{"start":{"line":37,"column":0},"end":{"line":37,"column":13}},"30":{"start":{"line":117,"column":2},"end":{"line":121,"column":null}},"31":{"start":{"line":118,"column":4},"end":{"line":118,"column":16}},"32":{"start":{"line":120,"column":4},"end":{"line":120,"column":17}},"33":{"start":{"line":128,"column":17},"end":{"line":128,"column":61}},"34":{"start":{"line":129,"column":2},"end":{"line":129,"column":24}}},"fnMap":{"0":{"name":"(anonymous_0)","decl":{"start":{"line":8,"column":0},"end":{"line":8,"column":12}},"loc":{"start":{"line":8,"column":31},"end":{"line":12,"column":1}}},"1":{"name":"(anonymous_1)","decl":{"start":{"line":42,"column":2},"end":{"line":42,"column":null}},"loc":{"start":{"line":45,"column":36},"end":{"line":49,"column":3}}},"2":{"name":"(anonymous_2)","decl":{"start":{"line":63,"column":2},"end":{"line":63,"column":7}},"loc":{"start":{"line":63,"column":74},"end":{"line":89,"column":3}}},"3":{"name":"(anonymous_3)","decl":{"start":{"line":91,"column":2},"end":{"line":91,"column":16}},"loc":{"start":{"line":91,"column":16},"end":{"line":93,"column":3}}},"4":{"name":"(anonymous_4)","decl":{"start":{"line":95,"column":2},"end":{"line":95,"column":9}},"loc":{"start":{"line":95,"column":9},"end":{"line":98,"column":3}}},"5":{"name":"(anonymous_5)","decl":{"start":{"line":96,"column":68},"end":{"line":96,"column":69}},"loc":{"start":{"line":96,"column":72},"end":{"line":96,"column":75}}},"6":{"name":"(anonymous_6)","decl":{"start":{"line":100,"column":2},"end":{"line":100,"column":7}},"loc":{"start":{"line":100,"column":42},"end":{"line":102,"column":3}}},"7":{"name":"(anonymous_7)","decl":{"start":{"line":104,"column":2},"end":{"line":104,"column":7}},"loc":{"start":{"line":104,"column":15},"end":{"line":110,"column":3}}},"8":{"name":"coalesce","decl":{"start":{"line":116,"column":9},"end":{"line":116,"column":17}},"loc":{"start":{"line":116,"column":28},"end":{"line":122,"column":1}}},"9":{"name":"parseCodeFromUrl","decl":{"start":{"line":127,"column":9},"end":{"line":127,"column":25}},"loc":{"start":{"line":127,"column":44},"end":{"line":130,"column":1}}}},"branchMap":{"0":{"loc":{"start":{"line":8,"column":12},"end":{"line":8,"column":31}},"type":"binary-expr","locations":[{"start":{"line":8,"column":12},"end":{"line":8,"column":31}},{"start":{"line":8,"column":12},"end":{"line":8,"column":null}}]},"1":{"loc":{"start":{"line":44,"column":24},"end":{"line":44,"column":43}},"type":"default-arg","locations":[{"start":{"line":44,"column":24},"end":{"line":44,"column":43}}]},"2":{"loc":{"start":{"line":63,"column":52},"end":{"line":63,"column":74}},"type":"default-arg","locations":[{"start":{"line":63,"column":52},"end":{"line":63,"column":74}}]},"3":{"loc":{"start":{"line":71,"column":4},"end":{"line":88,"column":null}},"type":"if","locations":[{"start":{"line":71,"column":4},"end":{"line":88,"column":null}},{"start":{"line":71,"column":4},"end":{"line":88,"column":null}}]},"4":{"loc":{"start":{"line":75,"column":6},"end":{"line":80,"column":null}},"type":"if","locations":[{"start":{"line":75,"column":6},"end":{"line":80,"column":null}},{"start":{"line":75,"column":6},"end":{"line":80,"column":null}}]},"5":{"loc":{"start":{"line":81,"column":11},"end":{"line":88,"column":null}},"type":"if","locations":[{"start":{"line":81,"column":11},"end":{"line":88,"column":null}},{"start":{"line":81,"column":11},"end":{"line":88,"column":null}}]},"6":{"loc":{"start":{"line":84,"column":10},"end":{"line":84,"column":43}},"type":"cond-expr","locations":[{"start":{"line":84,"column":10},"end":{"line":84,"column":43}},{"start":{"line":85,"column":10},"end":{"line":85,"column":45}}]},"7":{"loc":{"start":{"line":106,"column":4},"end":{"line":108,"column":null}},"type":"if","locations":[{"start":{"line":106,"column":4},"end":{"line":108,"column":null}},{"start":{"line":106,"column":4},"end":{"line":108,"column":null}}]},"8":{"loc":{"start":{"line":117,"column":2},"end":{"line":121,"column":null}},"type":"if","locations":[{"start":{"line":117,"column":2},"end":{"line":121,"column":null}},{"start":{"line":117,"column":2},"end":{"line":121,"column":null}}]},"9":{"loc":{"start":{"line":117,"column":6},"end":{"line":117,"column":12}},"type":"binary-expr","locations":[{"start":{"line":117,"column":6},"end":{"line":117,"column":12}},{"start":{"line":117,"column":16},"end":{"line":117,"column":36}},{"start":{"line":117,"column":40},"end":{"line":117,"column":55}}]}},"s":{"0":1,"1":1,"2":1,"3":1,"4":1,"5":1,"6":1,"7":1,"8":1,"9":0,"10":0,"11":0,"12":0,"13":0,"14":0,"15":0,"16":0,"17":0,"18":0,"19":0,"20":0,"21":1,"22":0,"23":0,"24":0,"25":0,"26":0,"27":0,"28":0,"29":1,"30":1,"31":1,"32":0,"33":0,"34":0},"f":{"0":1,"1":1,"2":0,"3":1,"4":0,"5":0,"6":0,"7":0,"8":1,"9":0},"b":{"0":[1,1],"1":[1],"2":[0],"3":[0,0],"4":[0,0],"5":[0,0],"6":[0,0],"7":[0,0],"8":[1,0],"9":[1,1,1]}}
}
