TN:
SF:/home/jackmahoney/projects/rollpass/rollpass-js/src/defaults.ts
FNF:0
FNH:0
DA:6,1
LF:1
LH:1
BRF:0
BRH:0
end_of_record
TN:
SF:/home/jackmahoney/projects/rollpass/rollpass-js/src/index.ts
FNF:0
FNH:0
DA:5,1
DA:6,1
DA:8,1
DA:9,1
LF:4
LH:4
BRF:0
BRH:0
end_of_record
TN:
SF:/home/jackmahoney/projects/rollpass/rollpass-js/src/protected/AgentController.ts
FN:21,(anonymous_0)
FN:26,(anonymous_1)
FN:30,(anonymous_2)
FN:34,(anonymous_3)
FNF:4
FNH:0
FNDA:0,(anonymous_0)
FNDA:0,(anonymous_1)
FNDA:0,(anonymous_2)
FNDA:0,(anonymous_3)
DA:1,0
DA:18,0
DA:22,0
DA:23,0
DA:27,0
DA:31,0
DA:35,0
LF:7
LH:0
BRF:0
BRH:0
end_of_record
TN:
SF:/home/jackmahoney/projects/rollpass/rollpass-js/src/protected/ApiController.ts
FN:18,(anonymous_1)
FN:22,(anonymous_2)
FN:34,(anonymous_3)
FN:41,getAxios
FNF:4
FNH:2
FNDA:1,(anonymous_1)
FNDA:0,(anonymous_2)
FNDA:0,(anonymous_3)
FNDA:1,getAxios
DA:1,1
DA:2,1
DA:15,1
DA:19,1
DA:29,0
DA:34,0
DA:42,1
LF:7
LH:5
BRDA:25,0,0,0
BRDA:26,1,0,0
BRDA:27,2,0,0
BRDA:34,3,0,0
BRDA:34,3,1,0
BRF:5
BRH:0
end_of_record
TN:
SF:/home/jackmahoney/projects/rollpass/rollpass-js/src/public/ClientController.ts
FN:15,(anonymous_0)
FN:20,(anonymous_1)
FN:28,(anonymous_2)
FN:36,(anonymous_3)
FN:44,(anonymous_4)
FN:52,(anonymous_5)
FNF:6
FNH:1
FNDA:1,(anonymous_0)
FNDA:0,(anonymous_1)
FNDA:0,(anonymous_2)
FNDA:0,(anonymous_3)
FNDA:0,(anonymous_4)
FNDA:0,(anonymous_5)
DA:1,1
DA:12,1
DA:16,1
DA:17,1
DA:21,0
DA:29,0
DA:37,0
DA:45,0
DA:53,0
LF:9
LH:4
BRF:0
BRH:0
end_of_record
TN:
SF:/home/jackmahoney/projects/rollpass/rollpass-js/src/public/SecretController.ts
FNF:0
FNH:0
DA:4,0
LF:1
LH:0
BRF:0
BRH:0
end_of_record
TN:
SF:/home/jackmahoney/projects/rollpass/rollpass-js/src/public/WebController.ts
FN:8,(anonymous_0)
FN:42,(anonymous_1)
FN:63,(anonymous_2)
FN:91,(anonymous_3)
FN:95,(anonymous_4)
FN:96,(anonymous_5)
FN:100,(anonymous_6)
FN:104,(anonymous_7)
FN:116,coalesce
FN:127,parseCodeFromUrl
FNF:10
FNH:4
FNDA:1,(anonymous_0)
FNDA:1,(anonymous_1)
FNDA:0,(anonymous_2)
FNDA:1,(anonymous_3)
FNDA:0,(anonymous_4)
FNDA:0,(anonymous_5)
FNDA:0,(anonymous_6)
FNDA:0,(anonymous_7)
FNDA:1,coalesce
FNDA:0,parseCodeFromUrl
DA:2,1
DA:3,1
DA:8,1
DA:9,1
DA:10,1
DA:11,1
DA:37,1
DA:38,1
DA:47,1
DA:48,1
DA:66,0
DA:69,0
DA:71,0
DA:74,0
DA:75,0
DA:76,0
DA:77,0
DA:79,0
DA:81,0
DA:82,0
DA:83,0
DA:87,0
DA:92,1
DA:96,0
DA:97,0
DA:101,0
DA:105,0
DA:106,0
DA:107,0
DA:109,0
DA:117,1
DA:118,1
DA:120,0
DA:128,0
DA:129,0
LF:35
LH:13
BRDA:8,0,0,1
BRDA:8,0,1,1
BRDA:44,1,0,1
BRDA:63,2,0,0
BRDA:71,3,0,0
BRDA:71,3,1,0
BRDA:75,4,0,0
BRDA:75,4,1,0
BRDA:81,5,0,0
BRDA:81,5,1,0
BRDA:84,6,0,0
BRDA:84,6,1,0
BRDA:106,7,0,0
BRDA:106,7,1,0
BRDA:117,8,0,1
BRDA:117,8,1,0
BRDA:117,9,0,1
BRDA:117,9,1,1
BRDA:117,9,2,1
BRF:19
BRH:7
end_of_record
